[debug] [2023-10-10T14:03:55.703Z] ----------------------------------------------------------------------
[debug] [2023-10-10T14:03:55.706Z] Command:       C:\Program Files\nodejs\node.exe C:\Users\fredd\AppData\Roaming\npm\node_modules\firebase-tools\lib\bin\firebase.js deploy
[debug] [2023-10-10T14:03:55.707Z] CLI Version:   11.25.1
[debug] [2023-10-10T14:03:55.707Z] Platform:      win32
[debug] [2023-10-10T14:03:55.707Z] Node Version:  v18.14.2
[debug] [2023-10-10T14:03:55.709Z] Time:          Tue Oct 10 2023 16:03:55 GMT+0200 (Central European Summer Time)
[debug] [2023-10-10T14:03:55.709Z] ----------------------------------------------------------------------
[debug] 
[debug] [2023-10-10T14:03:55.714Z] >>> [apiv2][query] GET https://firebase-public.firebaseio.com/cli.json [none]
[debug] [2023-10-10T14:03:55.844Z] > command requires scopes: ["email","openid","https://www.googleapis.com/auth/cloudplatformprojects.readonly","https://www.googleapis.com/auth/firebase","https://www.googleapis.com/auth/cloud-platform"]
[debug] [2023-10-10T14:03:55.844Z] > authorizing via signed-in user (frederik.klie@gmail.com)
[debug] [2023-10-10T14:03:55.844Z] [iam] checking project f10-bet for permissions ["firebase.projects.get","firebasehosting.sites.update"]
[debug] [2023-10-10T14:03:55.845Z] > refreshing access token with scopes: []
[debug] [2023-10-10T14:03:55.847Z] >>> [apiv2][query] POST https://www.googleapis.com/oauth2/v3/token [none]
[debug] [2023-10-10T14:03:55.847Z] >>> [apiv2][body] POST https://www.googleapis.com/oauth2/v3/token [omitted]
[debug] [2023-10-10T14:03:55.970Z] <<< [apiv2][status] POST https://www.googleapis.com/oauth2/v3/token 400
[debug] [2023-10-10T14:03:55.971Z] <<< [apiv2][body] POST https://www.googleapis.com/oauth2/v3/token [omitted]
[debug] [2023-10-10T14:03:55.971Z] >>> [apiv2][query] POST https://cloudresourcemanager.googleapis.com/v1/projects/f10-bet:testIamPermissions [none]
[debug] [2023-10-10T14:03:55.971Z] >>> [apiv2][(partial)header] POST https://cloudresourcemanager.googleapis.com/v1/projects/f10-bet:testIamPermissions x-goog-quota-user=projects/f10-bet
[debug] [2023-10-10T14:03:55.972Z] >>> [apiv2][body] POST https://cloudresourcemanager.googleapis.com/v1/projects/f10-bet:testIamPermissions {"permissions":["firebase.projects.get","firebasehosting.sites.update"]}
[debug] [2023-10-10T14:03:56.151Z] <<< [apiv2][status] GET https://firebase-public.firebaseio.com/cli.json 200
[debug] [2023-10-10T14:03:56.151Z] <<< [apiv2][body] GET https://firebase-public.firebaseio.com/cli.json {"cloudBuildErrorAfter":1594252800000,"cloudBuildWarnAfter":1590019200000,"defaultNode10After":1594252800000,"minVersion":"3.0.5","node8DeploysDisabledAfter":1613390400000,"node8RuntimeDisabledAfter":1615809600000,"node8WarnAfter":1600128000000}
[debug] [2023-10-10T14:03:56.666Z] <<< [apiv2][status] POST https://cloudresourcemanager.googleapis.com/v1/projects/f10-bet:testIamPermissions 401
[debug] [2023-10-10T14:03:56.667Z] <<< [apiv2][body] POST https://cloudresourcemanager.googleapis.com/v1/projects/f10-bet:testIamPermissions {"error":{"code":401,"message":"Request had invalid authentication credentials. Expected OAuth 2 access token, login cookie or other valid authentication credential. See https://developers.google.com/identity/sign-in/web/devconsole-project.","status":"UNAUTHENTICATED","details":[{"@type":"type.googleapis.com/google.rpc.ErrorInfo","reason":"ACCESS_TOKEN_TYPE_UNSUPPORTED","metadata":{"service":"cloudresourcemanager.googleapis.com","method":"google.cloudresourcemanager.v1.Projects.TestIamPermissions"}}]}}
[debug] [2023-10-10T14:03:56.670Z] [iam] error while checking permissions, command may fail: FirebaseError: HTTP Error: 401, Request had invalid authentication credentials. Expected OAuth 2 access token, login cookie or other valid authentication credential. See https://developers.google.com/identity/sign-in/web/devconsole-project.
[debug] [2023-10-10T14:03:56.672Z] > refreshing access token with scopes: []
[debug] [2023-10-10T14:03:56.675Z] >>> [apiv2][query] POST https://www.googleapis.com/oauth2/v3/token [none]
[debug] [2023-10-10T14:03:56.675Z] >>> [apiv2][body] POST https://www.googleapis.com/oauth2/v3/token [omitted]
[debug] [2023-10-10T14:03:56.764Z] <<< [apiv2][status] POST https://www.googleapis.com/oauth2/v3/token 400
[debug] [2023-10-10T14:03:56.765Z] <<< [apiv2][body] POST https://www.googleapis.com/oauth2/v3/token [omitted]
[debug] [2023-10-10T14:03:56.768Z] >>> [apiv2][query] GET https://firebase.googleapis.com/v1beta1/projects/f10-bet [none]
[debug] [2023-10-10T14:03:56.876Z] <<< [apiv2][status] GET https://firebase.googleapis.com/v1beta1/projects/f10-bet 401
[debug] [2023-10-10T14:03:56.877Z] <<< [apiv2][body] GET https://firebase.googleapis.com/v1beta1/projects/f10-bet {"error":{"code":401,"message":"Request had invalid authentication credentials. Expected OAuth 2 access token, login cookie or other valid authentication credential. See https://developers.google.com/identity/sign-in/web/devconsole-project.","status":"UNAUTHENTICATED"}}
[debug] [2023-10-10T14:03:56.877Z] HTTP Error: 401, Request had invalid authentication credentials. Expected OAuth 2 access token, login cookie or other valid authentication credential. See https://developers.google.com/identity/sign-in/web/devconsole-project.
[debug] [2023-10-10T14:03:56.977Z] FirebaseError: HTTP Error: 401, Request had invalid authentication credentials. Expected OAuth 2 access token, login cookie or other valid authentication credential. See https://developers.google.com/identity/sign-in/web/devconsole-project.
    at responseToError (C:\Users\fredd\AppData\Roaming\npm\node_modules\firebase-tools\lib\responseToError.js:49:12)
    at RetryOperation._fn (C:\Users\fredd\AppData\Roaming\npm\node_modules\firebase-tools\lib\apiv2.js:288:77)
    at process.processTicksAndRejections (node:internal/process/task_queues:95:5)
[error] 
[error] Error: Failed to get Firebase project f10-bet. Please make sure the project exists and your account has permission to access it.
